<?xml version="1.0" encoding="UTF-8"?>
<testsuite xmlns:xsi="http://www.w3.org/2001/XMLSchema-instance" xsi:noNamespaceSchemaLocation="https://maven.apache.org/surefire/maven-surefire-plugin/xsd/surefire-test-report.xsd" name="TestSuite" time="16.44" tests="4" errors="0" skipped="0" failures="0">
  <properties>
[...]
</properties>
  <testcase name="dashboardTitle" classname="tests.EndToEndTest" time="3.145"/>
  <testcase name="entryFormH1" classname="tests.EndToEndTest" time="1.109"/>
  <testcase name="addNoteInBlog" classname="tests.EndToEndTest" time="1.987"/>
  <testcase name="blogTitle" classname="tests.EndToEndTest" time="3.078"/>
</testsuite>