<?xml version="1.0" encoding="UTF-8"?>
<testng-results ignored="0" total="3" passed="3" failed="0" skipped="0">
  <reporter-output>
  </reporter-output>
  <suite started-at="2022-01-31T20:13:21 MSK" name="All Test Suite" finished-at="2022-01-31T20:13:38 MSK" duration-ms="17821">
    <groups>
    </groups>
    <test started-at="2022-01-31T20:13:21 MSK" name="GoogleCalculator" finished-at="2022-01-31T20:13:38 MSK" duration-ms="17821">
      <class name="tests.BaseTest">
        <test-method is-config="true" signature="setup()[pri:0, instance:tests.BaseTest@dffa30b]" started-at="2022-01-31T20:13:21 MSK" name="setup" finished-at="2022-01-31T20:13:27 MSK" duration-ms="6668" status="PASS">
          <reporter-output>
          </reporter-output>
        </test-method> <!-- setup -->
        <test-method signature="intExpression()[pri:0, instance:tests.BaseTest@dffa30b]" started-at="2022-01-31T20:13:27 MSK" name="intExpression" description="Проверка операций с целыми числами" finished-at="2022-01-31T20:13:28 MSK" duration-ms="562" status="PASS">
          <reporter-output>
          </reporter-output>
        </test-method> <!-- intExpression -->
        <test-method is-config="true" signature="tearDown()[pri:0, instance:tests.BaseTest@dffa30b]" started-at="2022-01-31T20:13:28 MSK" name="tearDown" finished-at="2022-01-31T20:13:29 MSK" duration-ms="593" status="PASS">
          <reporter-output>
          </reporter-output>
        </test-method> <!-- tearDown -->
        <test-method is-config="true" signature="setup()[pri:0, instance:tests.BaseTest@dffa30b]" started-at="2022-01-31T20:13:29 MSK" name="setup" finished-at="2022-01-31T20:13:33 MSK" duration-ms="4553" status="PASS">
          <reporter-output>
          </reporter-output>
        </test-method> <!-- setup -->
        <test-method signature="divideOnZero()[pri:0, instance:tests.BaseTest@dffa30b]" started-at="2022-01-31T20:13:33 MSK" name="divideOnZero" description="Проверка деления на ноль" finished-at="2022-01-31T20:13:33 MSK" depends-on-methods="tests.BaseTest.intExpression" duration-ms="332" status="PASS">
          <reporter-output>
          </reporter-output>
        </test-method> <!-- divideOnZero -->
        <test-method is-config="true" signature="tearDown()[pri:0, instance:tests.BaseTest@dffa30b]" started-at="2022-01-31T20:13:33 MSK" name="tearDown" finished-at="2022-01-31T20:13:34 MSK" duration-ms="576" status="PASS">
          <reporter-output>
          </reporter-output>
        </test-method> <!-- tearDown -->
        <test-method is-config="true" signature="setup()[pri:0, instance:tests.BaseTest@dffa30b]" started-at="2022-01-31T20:13:34 MSK" name="setup" finished-at="2022-01-31T20:13:38 MSK" duration-ms="3564" status="PASS">
          <reporter-output>
          </reporter-output>
        </test-method> <!-- setup -->
        <test-method signature="sinVoidError()[pri:0, instance:tests.BaseTest@dffa30b]" started-at="2022-01-31T20:13:38 MSK" name="sinVoidError" description="Проверка ошибки при отсутствии значения" finished-at="2022-01-31T20:13:38 MSK" depends-on-methods="tests.BaseTest.divideOnZero" duration-ms="292" status="PASS">
          <reporter-output>
          </reporter-output>
        </test-method> <!-- sinVoidError -->
        <test-method is-config="true" signature="tearDown()[pri:0, instance:tests.BaseTest@dffa30b]" started-at="2022-01-31T20:13:38 MSK" name="tearDown" finished-at="2022-01-31T20:13:38 MSK" duration-ms="578" status="PASS">
          <reporter-output>
          </reporter-output>
        </test-method> <!-- tearDown -->
      </class> <!-- tests.BaseTest -->
    </test> <!-- GoogleCalculator -->
  </suite> <!-- All Test Suite -->
</testng-results>
