<?xml version="1.0" encoding="UTF-8"?>
<testng-results ignored="0" total="1" passed="1" failed="0" skipped="0">
  <reporter-output>
  </reporter-output>
  <suite started-at="2022-01-26T20:15:04 MSK" name="BaseTest" finished-at="2022-01-26T20:15:04 MSK" duration-ms="69">
    <groups>
    </groups>
    <test started-at="2022-01-26T20:15:04 MSK" name="Command line test" finished-at="2022-01-26T20:15:04 MSK" duration-ms="69">
      <class name="BaseTest">
        <test-method signature="Test()[pri:0, instance:BaseTest@3c46e67a]" started-at="2022-01-26T20:15:04 MSK" name="Test" finished-at="2022-01-26T20:15:04 MSK" duration-ms="9" status="PASS">
          <reporter-output>
          </reporter-output>
        </test-method> <!-- Test -->
      </class> <!-- BaseTest -->
    </test> <!-- Command line test -->
  </suite> <!-- BaseTest -->
</testng-results>
