<?xml version="1.0" encoding="UTF-8"?>
<!-- Generated by org.testng.reporters.JUnitXMLReporter -->
<testsuite ignored="0" hostname="DESKTOP-JCMCTMH" failures="0" tests="3" name="GoogleCalculator" time="17.821" errors="0" timestamp="2022-01-31T20:13:38 MSK">
  <testcase classname="tests.BaseTest" name="intExpression" time="0.562"/>
  <testcase classname="tests.BaseTest" name="divideOnZero" time="0.332"/>
  <testcase classname="tests.BaseTest" name="sinVoidError" time="0.292"/>
</testsuite> <!-- GoogleCalculator -->
