<?xml version="1.0" encoding="UTF-8"?>
<!-- Generated by org.testng.reporters.JUnitXMLReporter -->
<testsuite ignored="0" hostname="DESKTOP-JCMCTMH" failures="0" tests="4" name="TestTaskSeverotek" time="8.475" errors="0" timestamp="2022-01-30T18:29:39 MSK">
  <testcase classname="tests.EndToEndTest" name="dashboardTitle" time="1.702"/>
  <testcase classname="tests.EndToEndTest" name="entryFormH1" time="0.52"/>
  <testcase classname="tests.EndToEndTest" name="addNoteInBlog" time="1.196"/>
  <testcase classname="tests.EndToEndTest" name="blogTitle" time="1.828"/>
</testsuite> <!-- TestTaskSeverotek -->
